[     632ms] Error: Minified React error #425; visit https://react.dev/errors/425 for the full message or use the non-minified dev environment for full errors and additional helpful warnings.
    at sq (https://hitthe.link/sel/_next/static/chunks/fd9d1056-87da80e0c187477b.js:1:146765)
    at co (https://hitthe.link/sel/_next/static/chunks/fd9d1056-87da80e0c187477b.js:1:158779)
    at https://hitthe.link/sel/_next/static/chunks/fd9d1056-87da80e0c187477b.js:1:99416
    at iu (https://hitthe.link/sel/_next/static/chunks/fd9d1056-87da80e0c187477b.js:1:103867)
    at ia (https://hitthe.link/sel/_next/static/chunks/fd9d1056-87da80e0c187477b.js:1:95223)
    at https://hitthe.link/sel/_next/static/chunks/fd9d1056-87da80e0c187477b.js:1:91088
    at https://hitthe.link/sel/_next/static/chunks/fd9d1056-87da80e0c187477b.js:1:91095
    at oZ (https://hitthe.link/sel/_next/static/chunks/fd9d1056-87da80e0c187477b.js:1:91200)
    at MessagePort.M (https://hitthe.link/sel/_next/static/chunks/117-632973ba55688f62.js:1:84984)
[     632ms] Error: Minified React error #425; visit https://react.dev/errors/425 for the full message or use the non-minified dev environment for full errors and additional helpful warnings.
    at sq (https://hitthe.link/sel/_next/static/chunks/fd9d1056-87da80e0c187477b.js:1:146765)
    at co (https://hitthe.link/sel/_next/static/chunks/fd9d1056-87da80e0c187477b.js:1:158779)
    at https://hitthe.link/sel/_next/static/chunks/fd9d1056-87da80e0c187477b.js:1:99416
    at iu (https://hitthe.link/sel/_next/static/chunks/fd9d1056-87da80e0c187477b.js:1:103867)
    at ia (https://hitthe.link/sel/_next/static/chunks/fd9d1056-87da80e0c187477b.js:1:95223)
    at https://hitthe.link/sel/_next/static/chunks/fd9d1056-87da80e0c187477b.js:1:91088
    at https://hitthe.link/sel/_next/static/chunks/fd9d1056-87da80e0c187477b.js:1:91095
    at oZ (https://hitthe.link/sel/_next/static/chunks/fd9d1056-87da80e0c187477b.js:1:91200)
    at MessagePort.M (https://hitthe.link/sel/_next/static/chunks/117-632973ba55688f62.js:1:84984)
[     634ms] Error: Minified React error #425; visit https://react.dev/errors/425 for the full message or use the non-minified dev environment for full errors and additional helpful warnings.
    at sq (https://hitthe.link/sel/_next/static/chunks/fd9d1056-87da80e0c187477b.js:1:146765)
    at co (https://hitthe.link/sel/_next/static/chunks/fd9d1056-87da80e0c187477b.js:1:158779)
    at https://hitthe.link/sel/_next/static/chunks/fd9d1056-87da80e0c187477b.js:1:99416
    at iu (https://hitthe.link/sel/_next/static/chunks/fd9d1056-87da80e0c187477b.js:1:103867)
    at ia (https://hitthe.link/sel/_next/static/chunks/fd9d1056-87da80e0c187477b.js:1:95223)
    at https://hitthe.link/sel/_next/static/chunks/fd9d1056-87da80e0c187477b.js:1:91088
    at https://hitthe.link/sel/_next/static/chunks/fd9d1056-87da80e0c187477b.js:1:91095
    at oZ (https://hitthe.link/sel/_next/static/chunks/fd9d1056-87da80e0c187477b.js:1:91200)
    at MessagePort.M (https://hitthe.link/sel/_next/static/chunks/117-632973ba55688f62.js:1:84984)
[     634ms] Error: Minified React error #425; visit https://react.dev/errors/425 for the full message or use the non-minified dev environment for full errors and additional helpful warnings.
    at sq (https://hitthe.link/sel/_next/static/chunks/fd9d1056-87da80e0c187477b.js:1:146765)
    at co (https://hitthe.link/sel/_next/static/chunks/fd9d1056-87da80e0c187477b.js:1:158779)
    at https://hitthe.link/sel/_next/static/chunks/fd9d1056-87da80e0c187477b.js:1:99416
    at iu (https://hitthe.link/sel/_next/static/chunks/fd9d1056-87da80e0c187477b.js:1:103867)
    at ia (https://hitthe.link/sel/_next/static/chunks/fd9d1056-87da80e0c187477b.js:1:95223)
    at https://hitthe.link/sel/_next/static/chunks/fd9d1056-87da80e0c187477b.js:1:91088
    at https://hitthe.link/sel/_next/static/chunks/fd9d1056-87da80e0c187477b.js:1:91095
    at oZ (https://hitthe.link/sel/_next/static/chunks/fd9d1056-87da80e0c187477b.js:1:91200)
    at MessagePort.M (https://hitthe.link/sel/_next/static/chunks/117-632973ba55688f62.js:1:84984)
[     634ms] Error: Minified React error #418; visit https://react.dev/errors/418 for the full message or use the non-minified dev environment for full errors and additional helpful warnings.
    at t5 (https://hitthe.link/sel/_next/static/chunks/fd9d1056-87da80e0c187477b.js:1:24670)
    at iZ (https://hitthe.link/sel/_next/static/chunks/fd9d1056-87da80e0c187477b.js:1:120535)
    at ia (https://hitthe.link/sel/_next/static/chunks/fd9d1056-87da80e0c187477b.js:1:95162)
    at https://hitthe.link/sel/_next/static/chunks/fd9d1056-87da80e0c187477b.js:1:91088
    at https://hitthe.link/sel/_next/static/chunks/fd9d1056-87da80e0c187477b.js:1:91095
    at oZ (https://hitthe.link/sel/_next/static/chunks/fd9d1056-87da80e0c187477b.js:1:91200)
    at MessagePort.M (https://hitthe.link/sel/_next/static/chunks/117-632973ba55688f62.js:1:84984)
[     634ms] Error: Minified React error #423; visit https://react.dev/errors/423 for the full message or use the non-minified dev environment for full errors and additional helpful warnings.
    at iZ (https://hitthe.link/sel/_next/static/chunks/fd9d1056-87da80e0c187477b.js:1:118349)
    at ia (https://hitthe.link/sel/_next/static/chunks/fd9d1056-87da80e0c187477b.js:1:95162)
    at https://hitthe.link/sel/_next/static/chunks/fd9d1056-87da80e0c187477b.js:1:94984
    at il (https://hitthe.link/sel/_next/static/chunks/fd9d1056-87da80e0c187477b.js:1:94991)
    at oJ (https://hitthe.link/sel/_next/static/chunks/fd9d1056-87da80e0c187477b.js:1:92347)
    at oZ (https://hitthe.link/sel/_next/static/chunks/fd9d1056-87da80e0c187477b.js:1:91766)
    at MessagePort.M (https://hitthe.link/sel/_next/static/chunks/117-632973ba55688f62.js:1:84984)
